**********************
Начало записи сценария Windows PowerShell
Время начала: 20250818013644
Имя пользователя: G1MvP\WIN11HOST
Запуск от имени пользователя: G1MvP\WIN11HOST
Имя конфигурации: 
Компьютер: G1MVP (Microsoft Windows NT 10.0.26100.0)
Ведущее приложение: C:\WINDOWS\System32\WindowsPowerShell\v1.0\powershell.exe -ExecutionPolicy Bypass -File D:\GARVIS\start_all.ps1
ИД процесса: 70204
PSVersion: 5.1.26100.4768
PSEdition: Desktop
PSCompatibleVersions: 1.0, 2.0, 3.0, 4.0, 5.0, 5.1.26100.4768
BuildVersion: 10.0.26100.4768
CLRVersion: 4.0.30319.42000
WSManStackVersion: 3.0
PSRemotingProtocolVersion: 2.3
SerializationVersion: 1.1.0.1
**********************
Транскрибирование запущено, выходной файл D:\GARVIS\logs\2025-08-18_01-36-44_start.log
>> Starte gpu0 ...
>> Starte gpu1 ...
>> Starte cpu ...
>> Starte router ...
>> Starte evaluator ...

=== GARVIS Startup Summary ===

PS>TerminatingError(Invoke-WebRequest): "

    
        
        Error response
    
    
        Error response
        Error code: 501
        Message: Unsupported method ('GET').
        Error code explanation: 501 - Server does not support this operation.
    

"
Name       Port Status
----       ---- ------
gpu0      11434 OK
gpu1      11435 OK
cpu       11436 OK
                FAIL
evaluator 11437 OK


**********************
Конец записи протокола Windows PowerShell
Время окончания: 20250818013650
**********************
